  [1m[36mSQL (1.0ms)[0m  [1mSHOW TABLES[0m
  [1m[35mSQL (231.0ms)[0m  CREATE TABLE `accounts` (`aid` int(11) DEFAULT NULL auto_increment PRIMARY KEY, `login_name` varchar(255) NOT NULL, `password` varchar(255) NOT NULL, `first_name` varchar(255) DEFAULT '' NOT NULL, `last_name` varchar(255) DEFAULT '' NOT NULL, `birthdate` date NOT NULL, `active` tinyint(1) DEFAULT 1 NOT NULL, `email` varchar(255) DEFAULT '', `phone_number` varchar(255) DEFAULT '', `facebook` tinyint(1) DEFAULT 0 NOT NULL) ENGINE=InnoDB
  [1m[36mSQL (2.0ms)[0m  [1mSHOW TABLES[0m
  [1m[35mSQL (155.0ms)[0m  CREATE TABLE `follows` (`follower` int(11) NOT NULL, `followee` int(11) NOT NULL) ENGINE=InnoDB
  [1m[36mSQL (3.0ms)[0m  [1mSHOW KEYS FROM `follows`[0m
  [1m[35mSQL (211.0ms)[0m  CREATE INDEX `follower` ON `follows` (`follower`)
  [1m[36mSQL (3.0ms)[0m  [1mSHOW KEYS FROM `follows`[0m
  [1m[35mSQL (211.0ms)[0m  CREATE INDEX `followee` ON `follows` (`followee`)
  [1m[36mSQL (2.0ms)[0m  [1mSHOW TABLES[0m
  [1m[35mSQL (98.0ms)[0m  CREATE TABLE `events` (`eid` int(11) DEFAULT NULL auto_increment PRIMARY KEY, `pic` varchar(255), `desc` varchar(255) DEFAULT '' NOT NULL, `location` varchar(255) DEFAULT '' NOT NULL, `start` date NOT NULL, `end` date NOT NULL, `flag` int(11)) ENGINE=InnoDB
  [1m[36mSQL (2.0ms)[0m  [1mSHOW TABLES[0m
  [1m[35mSQL (77.0ms)[0m  CREATE TABLE `tags` (`tid` int(11) DEFAULT NULL auto_increment PRIMARY KEY, `tag` varchar(255) NOT NULL) ENGINE=InnoDB
  [1m[36mSQL (2.0ms)[0m  [1mSHOW TABLES[0m
  [1m[35mSQL (100.0ms)[0m  CREATE TABLE `event_tags` (`tfid` int(11) NOT NULL, `efid` int(11) NOT NULL) ENGINE=InnoDB
  [1m[36mSQL (2.0ms)[0m  [1mSHOW KEYS FROM `event_tags`[0m
  [1m[35mSQL (200.0ms)[0m  CREATE INDEX `tfid` ON `event_tags` (`tfid`)
  [1m[36mSQL (2.0ms)[0m  [1mSHOW KEYS FROM `event_tags`[0m
  [1m[35mSQL (211.0ms)[0m  CREATE INDEX `efid` ON `event_tags` (`efid`)
  [1m[36mSQL (3.0ms)[0m  [1mSHOW TABLES[0m
  [1m[35mSQL (98.0ms)[0m  CREATE TABLE `view_events` (`efid` int(11) NOT NULL, `afid` int(11) NOT NULL) ENGINE=InnoDB
  [1m[36mSQL (1.0ms)[0m  [1mSHOW KEYS FROM `view_events`[0m
  [1m[35mSQL (257.0ms)[0m  CREATE INDEX `efid` ON `view_events` (`efid`)
  [1m[36mSQL (2.0ms)[0m  [1mSHOW KEYS FROM `view_events`[0m
  [1m[35mSQL (244.0ms)[0m  CREATE INDEX `afid` ON `view_events` (`afid`)
  [1m[36mSQL (3.0ms)[0m  [1mSHOW TABLES[0m
  [1m[35mSQL (109.0ms)[0m  CREATE TABLE `user_events` (`ue_id` int(11) DEFAULT NULL auto_increment PRIMARY KEY, `recur_type` int(11) NOT NULL, `recur_interval` int(11) NOT NULL, `recur_data` blob NOT NULL, `recur_end` date NOT NULL, `eid` int(11) NOT NULL, `aid` int(11) NOT NULL) ENGINE=InnoDB
  [1m[36mSQL (2.0ms)[0m  [1mSHOW KEYS FROM `user_events`[0m
  [1m[35mSQL (566.0ms)[0m  CREATE INDEX `eid` ON `user_events` (`eid`)
  [1m[36mSQL (5.0ms)[0m  [1mSHOW TABLES[0m
  [1m[35mSQL (109.0ms)[0m  CREATE TABLE `schema_migrations` (`version` varchar(255) NOT NULL) ENGINE=InnoDB
  [1m[36mSQL (1.0ms)[0m  [1mSHOW KEYS FROM `schema_migrations`[0m
  [1m[35mSQL (264.0ms)[0m  CREATE UNIQUE INDEX `unique_schema_migrations` ON `schema_migrations` (`version`)
  [1m[36mSQL (2.0ms)[0m  [1mSHOW TABLES[0m
  [1m[35mSQL (11.0ms)[0m  SELECT version FROM `schema_migrations`
  [1m[36mSQL (67.0ms)[0m  [1mINSERT INTO `schema_migrations` (version) VALUES ('20101022022539')[0m
  [1m[35mSQL (45.0ms)[0m  INSERT INTO `schema_migrations` (version) VALUES ('20101020225825')
